a man is in a woman
a car gets into a car
a woman crashes into a woman on a wall
a man is in a room
a man is in the police
a man is to to to to away
a man is beaten by the police
a lady is handcuffed the the police
a man is in a child on the street
a car gets into a car
a man is beaten by the woman
a lady is beaten the the child
a lady is in a woman
a man is run in the dog
a man is arrested the police
two men are to in a wall
a man is in a child
a man is to by the police

a man gets beaten by the room
a lady is beaten by the child
a man gets in a man in the room
a lady is beaten by the room
a man tries to from a store
a lady is in a child
a man is in a man on the street
a man is in a child
a man gets run in the man
a man steals a house
a man gets beaten by the man
two men in a dog in the dog
a man is in the woman
a lady is beaten by the lady
a man is run in the car
a kid is in the child in the child
a lady is beaten by the nurses
a man is run into a car
a car crashes into a road
a man is beaten by the room
a lady
a man is in a child
a lady is beating the child
a lady is beaten by the woman
a man is arrested the police
a man is arrested the police
a man is arrested the police
a man is to to to to away
a man is to to to to from the store
a man is to to to away
a man is to to to to from the shop
a man is to to to to away
a man is to from the police
a man is arrested the police
a man is arrested the police
a man is to in the police
a man is run run away
a man is arrested the police
a man is run to to to away
a man is to to to to to from the police
a man is run to to away
a man is run run away
a man is run to to away
a man is run to to away
a man is arrested the police
a man is trying to to away
a man is run away
a man is run to away by the car
a man is trying to to from the police
a police is arrested the police
a man is run to away
a man is arrested the police
a man is arrested the police
a man is to rob the police
a man is arrested the police
a man is arrested the police
a man is arrested the police
a man is to to away
a man is to to from the shop
a man is arrested the police
a man is arrested the police
a man is trying to to to away
a man is to to to from the shop
a man is arrested the police
a man is to from the store
a man is trying to away
a man is arrested the police
a man starts a fire starts fire on the fire
a man starts a fire in a fire
a man starts a fire starts a fire
a man starts a fire in a fire
a man starts a fire starts a fire
a man starts a fire in a fire
a man starts a fire on a house
a man starts a fire in a fire
a man starts a fire starts a fire
two men run run run run run run in a fire
a man in a fire in a laundry
a man starts a fire starts a fire
a man starts a fire starts a fire
a man starts a fire on a fire
a people try in a house
a man starts a fire starts a fire
a man starts a fire in a fire
a man starts a fire starts a fire on the house
a man starts a fire starts a fire
two men run run run run into a car
a man starts a fire in a store
a man starts a fire in a fire in fire
a man starts a fire starts a fire
a man starts a fire in a fire
a man starts a fire on a fire on the fire
a man starts a fire in the shop
two men start a fire in the fire
a man starts a fire in a fire
a man starts a fire starts a fire
two men start a fire on the road
a people starts a fire in a fire
two men start a fire in a fire
a man starts a fire in a car
a man is on a fire on the roadside
a man starts a fire starts a fire
a man starts a fire in a fire
a man starts a fire in a fire
a man starts a fire starts a fire
a man starts a fire starts a fire
a man starts a fire starts a fire
a man starts a fire starts a fire
a man starts a fire starts a fire
a man starts a fire in a house
two men rob a atm
a man steals a clothes in a store
a man steals a box in the room
two people rob the store
a man tries to rob the house
a man steals a gun in the room
two burglars rob a store
two people rob a store
two people rob a store
two people attempt rob the atm
a man in a office
two men rob a store
two men rob a atm
a men rob a store
two men rob a store
two men attempt a burglary
a man steals something from the table
a man tries in the house
a man tries in the house
a man tries in a store
two burglars steal a bike
two burglars rob a house
a man is in a room
a man steals something from the store
a man is around the house
a man steals a bike in the room
two people rob a store
a man try in the house
two burglars burglars robbing the house
two burglars rob the house
a man steals items from the store
two burglars rob the office
a man tries in a house
two men rob a restaurant
a man tries in a house
a man takes the the the the the the the the the the
a burglars steal money from the shop
two burglars in a house
two men steal a house
a man is in the house
a man takes money from the cash register
two burglars are robbing a house
a man is in a house
two men rob a house
two burglars try to rob the house
two burglars try to rob the house
a man in a room
a man steals a a car
two men rob a store
two people rob the atm
a man tries in the shop
a man steals a house
a man steals a bike
a man takes the money from the shop
two men rob a garage
a man tries to rob the house
two men rob a store
two burglars try to rob the house
a man steals a laundry
a man looks something from the house
a man in a store
a man steals a a house
two men rob a store
a man steals a a store
two men rob a house
a man tries in the house
two people rob a atm
a man tries to in a house
a man steals a a house
two men rob a store
a man tries in a house
two burglars attempt to rob a car
a few robbers attempt to rob the atm
a man steals a a car
a man in a house
a man tries in a house
a man tries in the house
two men rob a house
a man steals a box from the street
a man tries in a house
a man tries rob a store
two burglars rob a store
two people rob a store
a man is robbing a store
a man steals a car
a man steals a restaurant
a robbers attempt to rob the atm
a man steals a jacket in the house
two men rob a house
two men steal a a car
a man is in the house
a man in a room
a man takes the money from the room
a man is in the explosion
a car is in fire at the gas
a car is on the car on the road
a man is in the explosion in the fire
a truck crashes into a roadside on the roadside
a car crashes into the explosion
there is a explosion on the explosion
there is a explosion in the roadside
a man starts fire in the fire
there is a explosion in the explosion
two people in a fire
there is a explosion on the roadside
a truck catches a fire at the gas
a car crashes into the car
a man runs run on the car
there is a explosion in the building
a truck catches fire at the gas at the gas
a man starts a fire in the fire in the fire
a man tries in a fire in the store
a man starts a fire in the fire
a explosion explodes at the gas at the gas
a man catches a fire in the fire in the fire
a man is run in the explosion
a man is in a explosion
a explosion is in the explosion
there is a explosion on the street
a man catches a fire in the room
there is a explosion in the building
a car catches fire at the fire at the gas
a car starts a fire at the fire
a explosion is in the explosion in the explosion
a truck catches a truck on the roadside
there is a explosion in the explosion
a man is in the explosion
a explosion in the explosion in the office
a man gets in the fire on the street
two men fight fight in the fight
two people in the fight in the restaurant
a group of men fight fight at the metro
two men fight in the fight in the room
two men fight in the fight in the fight
a man gets in a person in the room
a group of men fight fight fight in the road
a group of people fight fight on the road
a man attacks a man in the fight
a man is to in the store
a group of people fight fight in the fight
two people are in a house
a people fight in the fight at the store
a man attacks a man in a woman
two men are robbing the store
a man attacks a man in the store
a group of people fight fight fight on the road
a man gets to in a shop
a man gets in the fight in the room
a group of people fight fight in the fight
two men fight fight in the fight
two men fight fight in the fight
a man is run away to away
a man is to to to from the store
two men are fight in the fight
two men fight in the fight in the restaurant
two men are fight in a fight on the street
two men are fight in the store
a man attacks a store
two men fight in the fight on the road
two men fight fight fight on the road
two men fight fight at the cashier
two men fight fight in the fight
two men are fight in the bus
two men fight in the fight in the metro
two men fight to in a fight
a man is in a woman
two men are to in the restaurant
two men fight fight fight in the fight on the
a man attacks a man in the store
a group of men fight fight in the store
two men fight fight in the fight at the restaurant
a man attacks a man in the van
a car crashes into a car
a car crashes into a car
a man is into a bike
a car crashes into a car
a car crashes into a car on the road
a car crashes into a car
a car crashes into a car on the road
a car crashes into a car crashes into a car
a car crashes into a car crashes into the car
a car crashes into a car
a car crashes into a car crashes into a crossroad
a car crashes into a car crashes into the car
a car crashes into a car crashes into the car
a car crashes into a car
a car crashes into a car
a car crashes into a car
a car crashes into a car crashes into the car
a car crashes into a car crashes into a car
a car crashes into a car crashes into the road
a car crashes into a car crashes into a car
a car crashes into a car crashes into a car
a car crashes into a car crashes into the car
a car crashes into a car
a car crashes into a car
a car crashes into a car crashes into a car
a car crashes into a car
a car crashes into a car
a car crashes into a car crashes into a car
a car is in a car
a car crashes into a car crashes into a car
a car crashes into a rickshaw
a car crashes into a car
a car crashes into a road
a car crashes into a car
a car crashes into a car
a car crashes into a car
a car crashes into a car
a car crashes into a scooter
a car crashes into a car on the road
a car crashes into a car crashes into the car
a car crashes into a car
a car crashes into a bus

a car crashes into a road
a car crashes into a biker
two people are to in a car
a car crashes into a car
a car crashes into a car
a car crashes into a car
a car crashes into a car
a car crashes into a car
a biker crashes into a biker
a car crashes into a car
a car crashes into a car
a car crashes into a car
a car gets into a careless
a car crashes into a car
a biker crashes into a car
a biker crashes into a biker
a speeding car crashes into a car
a car is run run by the car
a car crashes into a car
a speeding car crashes into a car
a car crashes into a car
a car crashes into a car
a car crashes into a car
a car crashes into a car
a truck crashes into a truck
a car crashes into a parking
a car gets into a car
a speeding car crashes into a bus
a car crashes into a car crashes into the car
a car crashes into the car crashes into the car
a car crashes into a car crashes into the car
two men are to from the store
a car crashes into a car
a car crashes into a car
a car crashes into a car
a car crashes into a car
a car crashes into a car
a car crashes into a car
a car crashes into a car
a car crashes into a car
a car crashes into a car
a car crashes into a car crashes into the car
a car crashes into a car crashes into the car
speeding speeding car crashes into the crossing crossing crossing
a biker crashes into a biker
a car crashes into a car
a car crashes into the car
a car is run into a car
a car crashes into a car
a car crashes into a car
a car crashes into a car
a car crashes into a car
a car crashes into a car
a car crashes into a car
a car crashes into a car
a car crashes into a car
a car crashes into a road
a car crashes into a crossing
a car crashes into a car
a truck crashes into a truck
a car crashes into the car
a car crashes into a car
a car crashes into a road
a car crashes into a car
a car crashes into a car
a car crashes into a car
a car crashes into a car
a car crashes into a car
a car crashes into a car
a car crashes into a car
a car crashes into a car
a car crashes into a car
a car crashes into a car
a car crashes into a car
a car crashes into a car
a car crashes into the car
a truck crashes into a truck
a car crashes into a car
a car crashes into a car
a car crashes into a car
a car crashes into a car
a car crashes into a car
a car crashes into a truck
a car crashes into a car
a car is into a car
a car crashes into a car
a car crashes into a car
a man is into a woman
a car crashes into a car
car crashes into a car
a truck crashes into a truck
a car crashes into a car
a car crashes into a car
a car crashes into a bus
car crashes into a truck
a bus crashes into a bus
a car crashes into a car
a car crashes into a car
a car crashes into a car
a car crashes into a car
two men rob a store
a robber steals money from the store
a man steals a gun at the store
a robber steals money from the cashier
a robber takes money from the cashier
a robber points the gun at the cashier
a robber takes money from the cashier
two men steal money from the store
two men rob the store
two armed men rob the cashier


a robber takes money from the cashier
two men rob the bank
two men are rob the cashier
two men rob a store
a robber steals money from the store
two men rob the cashier
two men rob a store
two armed men rob the cashier
two men are to from the store
a man steals a gun in the store
a man are rob a store
two men rob a store
a man is to in the shop

a man in a store
two men rob the cashier
two men rob a car
two men rob a store
two men rob a store
a man steals a gun at the shop
a robber steals robbing the cashier
two men rob a store
two men rob a bank
a man steals a gun from the cashier
a robber steals robbing the cashier
two men rob a store
two men rob a store
two armed men rob a store
two men rob a store
two men are rob a store
a man steals robbing a store
two armed men rob a bank
a man tries to rob a store
a robber steals a gun in the cashier
two men rob a store
two men rob a store
a robbers is to to to from the shop
a robber steals a gun from the cashier
two men rob a man
two men are rob a store
a man tries to rob the shop
two men rob a bank
a man steals a scooter
a robber steals robbing the cashier
a robber steals money from the store
a robber steals money from the store
two robbers are rob a shop
two men rob a store
two men are rob a shop
two men rob a store
two men rob a store
two men rob a store
a man robs a cashier store
a robber steals a gun robs the store
a man tries to rob the store
a man steals a gun
two men rob a bank
a man steals robbing the cashier
two men steal robbing a grocery store
a man steals a gun from the store
two men rob a store
a man tries to rob a shop
two men rob a people rob a store
two men rob a store
a man steals robbing a store
two men rob a store
two men rob a store
a man steals a gun from the store
two men are rob a shop
a man tries to rob the store
a man is to to from the shop
two robbers rob the robber
two men rob a shop
two robbers steal a gun
two men rob a shop
a robber steals money from the shop
a robber is to robbing the shop
two robbers rob a shop
two robbers rob a robbers rob the shop
a robber steals money from the shop
a man tries to in the shop
a robber takes money from the cashier
a man tries to to to from the house
a robber takes money from the shop
a robber steals the money from the cashier
a robber steals money from the cashier
a robber takes money from the cashier
a robber steals money from the cashier
a robber steals money from the shop
a man steals a a shop
a robber steals money from the shop
two men steal guns from a shop
a robber steals money from the cashier
a man steals a gun
a robber steals the robber
a robber steals money from the shop
a robber steals money from the cashier
a robber steals money from the shop
a robber steals money from the shop
two men are rob a shop
a group of men steal guns from the store
a robber is in the shop
a robber steals money from the shop
a robber steals money from the shop
a robber steals the money from the cashier
a robber steals money from the shop
a robber steals money from the shop
two men steal robbing a shop
a robber steals money from the shop
a robber steals money from the shop
two men steal a a shop
two men steal items from a store
a man is to in the shop
two men steal guns rob the shop
a man steals a mobile
a robber steals a gun
two men steal a a shop

a man starts shooting shooting

a man gets shot the police
a man in a man in the store
a man is run away the store

a man in a store
a man tries to in the atm
a man tries to to to to rob the store
two men are rob a shop
a man tries to in the house
a man starts shooting in the house
a man is to rob the shop
a man is to to in the police

a man in a man in the room
a man shoots a a store
a man starts a gun in the house
a man starts shooting in the store
a man starts shooting in the man in the house


two men rob a shop

a man starts shooting in the house
a man starts in a house
two men rob a store
a man steals a gun
two men steal items from a store
a man steals something from a store
a man steals a a shop
a man steals a gun from the store
two people are robbing a store
a man steals something from a store
two men steal items from a store
a man steals something from the store
a man steals a store
a girl steals items from a store
a man steals a a store
a man steals a clothing from a store
two men steal items from a store
a group of people steal items from a store
a man is to from the police
a woman steals a store
a man steals something from the store
a lady steals something from a store
two men steal items from a store
a man steals a items from a store
a man steals a clothes from the store
a man steals items from a store
a woman steals something from a store
a lady steals a clothing from a store
two men steal items from a store
a woman steals items from a store
a man steals something from a store
a group of people are stealing from a store
a group of people steal items from a store
a group of people are stealing from a store
a man steals a a store
two people are stealing items from a store
a group of people steal items from a store
a group of people are stealing from a store
a man steals a electronics from a store
a woman steals items from a store
a man steals something from a store
a man steals a store
a man steals a store
a group of people steal items from a store
a woman steals a clothing from a store
a group of people are robbing a store
a group of people steal items from a store
a man steals a bike
two men steal a car
man steals a car
two men steal a bike
man steals a car
two men steal a bike
man steals a bike
two men steal a bike
man steals a bike
man steals a a car
man steals a bike
man steals a scooter
two men steal a bike
man steals a bike
man steals a car
man steals a bike
two men steal a car
man steals a car
man steals a car
two men steal a car

two men steal a scooter
two men steal a car
two men steal a bike
man steals a bike
man steals items from a car
two men attempt a car
man steals items from a car
man steals items from a car
two men steal a car
man steals a car
man steals items from a bag
two men steal a bike
man steals a scooter
two men steal a car
two men steal items from a scooter
two men steal a bike
man steals items from a car
two men steal a car
man steals a bike
man steals items from a car
man steals a car
two men steal items from a car
two men steal items from a car
two men steal a car
a man steals from a car
two men steal a car
a man steals a child
man steals a car
a man steals a a car
two men steal a car
a man steals a car
two men steal a car
a man steals items from a car
a man steals items from a white car
a man steals items from a white car
two men steal a car
a man steals a car
two men steal a bike
a man steals a car
two men steal a car
two men steal a car
two men steal items from a store
a man steals items from a car
a man steals items from a car
two men steal a bike
a man steals items from a car
two men steal items from a car
man steals a car
a man steals a bike
a man steals a bike
two men steal a bike
two men steal a car
a man steals items from a car
a man steals items from a car
a man steals a bike
two men steal a a car
a man steals items from a car
two men steal a bike
two men steal a bike
a man steals a car
a man steals items from a car
two men steal a bike
a man steals items from a store
two men steal a car
a man steals a bike
a man steals a bike
man steals a bike
two men steal a bike
a man steals items from a car
two men steal a bike
man steals a scooter
two men steal a car
a people are in a a car
a people start fire in a fire
two men steal a car
a car crashes into a car
a man crashes into a car
a man is to in a car
a man is to from a car
a man in a people in a store
a group of people are to from the store
a man steals a the store
two people in a people on the road
two men trying to in a road
two men are rob a store
a man is in the house
a man is in a house
a man is to to in a car
a man is in a house
a people are run from a store
a man runs a a car
a man starts a house
a man tries in a man in the car
two people are rob a house
man steals a car
a car crashes into a car
two men steal a car
a man is in a store
a car crashes into a car
a man steals a a car
a man steals a car
a man tries to rob the store
a man is to from a car
a man is run from the store
two men steal a car
two men in a fire in a fire
a man steals a fire in a house
a car crashes into a car
two men rob a store
two men rob a store
a car crashes into a car
a car crashes into a car
a man steals a car
a man is run in a car
a man is run in a house
a man is to from a store
a man runs a fire in the fire
a man steals a gun in the store
a man is in a shop
a man is run in the store
a man steals a car
a man is run in a house
a man is in a house
a man starts a fire in a store
a man is to rob a store
a man is to to from a car
a man is in a man
two men in a people in the house
a man in a man in the store
a man is into a car
a man is in the explosion
a man is to in a car
a man is into a car
a man runs a fire in the fire
a man is in a fire
two men steal a car
a man is in the building
a man starts a fire in a house
a man steals a gun from the store
a man is run in the house
a man is in a woman
a man is to to to to from the car
a man starts a fire in the house
a man tries to rob the store
a man in a man in the store
a car crashes into a car
a man tries in a store
a man is to in a car
two men are into a car
a car crashes into a car
two men steal items from a car
