a man is in a room
a car is into a car
a woman crashes into a woman on a wall
two people are in the room

a man is to to to to away
a man is beaten by the police
a lady is handcuffed the the police
a man is on the child on the street
a dog gets into a car on the car
a man is beaten the the child
a lady is beaten the the child

a lady is run in the cat
a man is arrested the the police
two men try to in the wall
a man is in a child
a man gets to by the police
a man is beaten with the nurses
a man gets in a child
a lady is beaten by a child
a man gets in a man on the room
a lady is in the woman
a man tries to from a store
a lady is to to to in a child
a man is beaten by the man
a man is in a child is in the child
a man gets run in the man
a man steals a dog from the house

two men are into a dog in the gate
a man is in the room
a lady is beaten beaten by the room
a man is run in the child
a kid is in the kid in the child
two nurses are are by the nurses

a dog gets into a road
a lady is beaten by the room
a lady
a man is in a kid
a lady is beating the child
a man is beaten by the man
a man is arrested a people arrested the police
man is arrested by man
a man is arrested the police
a man is to to to to away
a man is to to to from the store
a man is run to to away
a man is to to to to to
a man is to to to away
a man is arrested the police
police is handcuffed the police
a man is arrested the police
a man is arrested the police
a man is run run away
a man is arrested the police
a man is run to to to away
a man is to to to to from the police
a man is run to to away
a man is run away
a police is run to to away
a man is trying away
a police is arrested the police
a man is trying to to to away
a man is running away
a man is run to by the car
a man is trying to to away
a police is arrested the police
a man is arrested the police
a man is arrested the police
a police is arrested the police
a man is rob the atm
a man is arrested the police
a man is arrested the police
a man is arrested the police
a man is trying to away
a man is to to from the shop
a man arrested the police
a police is arrested the police
a man is trying to to away
a man is to to to from the shop
a man is arrested the police
a man is stealing the the shop
a man is trying trying away him
a man is arrested the police
a man starts a fire starts fire
a man starts a fire in a fire
a man starts a fire starts a fire
a man starts a fire starts fire
a man starts a fire starts a fire
a man starts a fire in a fire
a man starts a fire on the house
a man starts a fire in the shop
a man starts a fire starts a fire
two men run run run run run run run in a fire
two people commit a lighter in a elevator
a man starts a fire starts a fire
a man starts a fire in a fire
a man starts a fire on a fire
a people try in a house
a man starts a fire starts fire in the bus
a man starts a fire in a fire
a man starts a fire on a fire
a man starts a fire starts a fire
two men run run run into a car
a man starts a fire in a store
a man starts a fire in a fire in fire
a man starts a fire starts a fire
a man starts a fire in a fire on the room
a man starts a fire on a fire on the fire
a man starts a fire in the shop
two men start a fire in the fire
a man starts a fire in a building
a man starts a fire in a bus
two people start fire on the fire on the road
two people in a fire in a fire
two men start a fire in a fire
a man starts a fire in a car
a man starts a fire on the roadside
a man starts a fire starts a fire
a man starts a fire in a fire
a man starts a fire in the fire
a man starts a fire starts a fire
a man starts a fire starts a fire
a man starts a fire on a fire
a man starts a fire starts a fire
a arsonist starts a fire starts a fire starts a fire
a man starts a fire in a house
a burglars rob the atm
a man steals something from a fridge
a man steals a box in the room
two people rob the store
a man tries to rob the house
a man steals a room in the room
two burglars steal a machine from the store
two people rob a store
a burglars rob a store
two people attempt rob the atm
a burglars in the office
two men rob a store
two people rob the atm
a man rob a store
two people rob a people rob the store
two burglars attempt to rob a garage
a man steals something from the table
a man tries in the house
a man tries from the desk
a man tries in the store
two burglars steal a bike
two burglars rob a house
a man is in a room
a man steals something from the store
a man is around the house
a man steals a bike in a room
two people rob a store
a man try in the house
two burglars burglars robbing the kitchen
two burglars rob the house
a man steals items from the store
two burglars rob the office
a man tries to in the house
two men rob the restaurant
a man tries in a house
a man takes the the the the the the the the the the
two burglars steal money from the shop
two burglars try rob the house
two burglars steal a house
a man is in the house
a man takes money from the cash register
two burglars try robbing the house
a man is in the house
two men rob a house
two burglars try to rob the house
a burglars tries to rob the house
a man in a room
two men steal a items from a store
two men rob a store
two people rob the atm
a man steals the gun in the shop
a man steals a room
a man steals a bike
a man takes the the the shop
two men rob a garage
a man tries to to to to from the house
two people rob a store
two burglars try to rob the house
a man steals a laundry
a man looks something from the house
a man in a store
a man steals a a house
two men rob a store
a man steals a jacket from the store
a burglars in a house
a man is around the house
two people rob the atm
a man tries to in a house
a man steals a a house
two men rob a store
a man tries in the house
two burglars attempt to rob a car
a robbers attempt to rob the atm
a man steals a house
a man in a house in the house
a man in a man in the house
a man tries in the house
two men steal a a house
a man steals a box from the street
a man looks in the house
a man in a store
two burglars rob a store
a few people rob a store
a man is robbing a store

a man steals a restaurant
a robbers attempt to rob the atm
a man steals a jacket in the house
two men rob a house
two men steal a a car
a man is in the the window
a man in a room
a man takes the the the the room
there is a explosion in the street
a car catches fire at the gas
a car is on the road
a man starts a fire in the house
a truck crashes into a roadside on the roadside
a car crashes into the explosion
there is a explosion on the explosion
there is in the explosion
two people run run run in the fire
there is a explosion in the explosion
two people in a fire
there is a explosion on the roadside
a truck catches fire at the gas station
a car crashes into the car
a man runs run on the car
there is a explosion in the building
a truck catches fire at the gas pump
a man starts a fire in the fire in the fire
a man tries in a box in the store
a man starts a fire in the fire
a explosion explodes at the gas station
a explosion catches fire in the explosion in the fire
a man is run in the explosion
a explosion is in the explosion on the roadside
there is a explosion in the explosion
there is a explosion on the street
a man catches a fire in the room
there is a explosion in the building
a car catches fire at the gas at the gas
a car is in the fire
there is a explosion in the explosion
a truck catches a truck on the roadside
there is a explosion in the explosion
a explosion is in the explosion
an explosion in the explosion in the office
a man gets in the fire on the street
two men fight fight in the office
two people in the fight in the restaurant
a group of people fight fight at the metro
two men fight in the pool
two men fight in the fight in the room
a man starts a fight in the room
a group of men fight fight fight on the street
a group of people fight fight on the road
a man attacks a man in the store
a man is fight in the shop
a man attacks a fight in the fight
two people are in a house
a people fight in the fight at the store
a man gets in a woman in the room
two men are robbing the shop
a man attacks a man in the store
a group of people fight fight fight on the road
a man gets beaten to in the shop
a man gets in the room
a group of people fight fight on the street
two men fight fight on the road
two men fight fight fight at the metro
a man is run away
a man is to to from a store
two people fight in a fight in the fight
two men fight fight in the restaurant
two men are fight in a fight on the street
two men are fight in the store
a man attacks the store
two men fight in the fight on the road
two men fight fight fight on the road
two men fight fight at the cashier
two men fight to in the fight
two men are fight in the bus
two men fight in the bus
two men are beaten by the road
a man is in a woman
two men are to in the restaurant

two men fight in the fight on the store
a group of men fight fight in the store
two men fight fight in the fight at the restaurant
a man gets to to in the van
a car crashes into the car
a car crashes into a car
a man is into a bike
two car crashes into a car
a car crashes into a car on the road
a car crashes into a car
a car crashes into a car on the road
a car crashes into a car crashes into a car
a car crashes into a car crashes into the car
a car crashes into a car
a car crashes into a car crashes into a crossroad
a car crashes into a car crashes into the car
a car crashes into a car crashes into the car
a car crashes into a car
two car crashes into a car
a car crashes into a car crashes into the car
a car crashes into a car crashes into the car
a car crashes into a car crashes into the car
a car crashes into a car on the road
a car crashes into a motorbike crashes into a motorbike
a car crashes into a car crashes into a truck
a car crashes into a car crashes into the car
a car crashes into a car crashes into the road
a car crashes into a wall
a car crashes into a car crashes into a road
a car crashes into a car
a car crashes into a car
a car crashes into a car crashes into a car
a car is hit a a car
a car crashes into a truck crashes into a truck
a rickshaw crashes into a rickshaw
a car crashes into a car
a car crashes into a road
a car crashes into a car
a car crashes into a car
a car crashes into a car
a car crashes into a car
a white car crashes into a scooter
a car crashes into a car on a car
a car crashes into a car crashes into the car
a car crashes into a car
a bus is and into the bus

a car gets hit by the road
a biker gets into a biker
two people are to in a truck
a car crashes into the intersection
a car gets into a car
a car crashes into a car
a car crashes into a car
a car gets into a car
a biker crashes into a biker
a car crashes into a car
a car crashes into a car
a car crashes into a car
a careless is gets hit by a careless
a car crashes into a car
a biker crashes into a biker
a biker gets hit into a biker
a speeding car hits a car
a car is run run run by the car
a car crashes into a speeding car
a speeding car crashes into a speeding car
a car crashes into a parking
a car gets into a car
a car crashes into a careless car
a car crashes into a car
a truck crashes into a bus
a car crashes into the parking
a car gets hit by a car
a bus crashes into a bus
a car crashes into a car
a car crashes into the car crashes into the car
a car crashes into the car crashes into the car
a dog is to to to away the the
two car crashes into a crossing crossing crossing crossing crossing crossing
a car crashes into the car
a car crashes into a car
a car crashes into a junction
a car crashes into a car
a speeding car crashes into the junction
a car crashes into the car
a car crashes into the car
a biker crashes into the biker
a car crashes into the car crashes into the car
a car crashes into the car
speeding speeding speeding speeding crossing crossing crossing crossing crossing crossing crossing crossing crossing
speeding biker crashes into a biker
a car crashes into a car
a car crashes into the car
two people are run into a car
a speeding car crashes into a car
a car crashes into a car
a car crashes into a car
a car crashes into a car
a car crashes into a car
a car crashes on the road
a car crashes into a car crashes into the car
a car crashes into a car
a car crashes into a road
a car crashes into a crossing
a car crashes into a truck
a truck crashes into a roadside
a car crashes into the gate
a car crashes into a car
a car crashes into the road
a car crashes into a car
a car crashes into a car
a car is hit by a roadside
a car crashes into the car
a car crashes into a car
a car crashes into a car crashes into the station
a car crashes into a truck on the road
a car crashes into a car
a car crashes into a car
a car crashes into a car
a car crashes into a car
a car crashes into a car
a train train at the railway railway at the
a truck crashes into the truck
a car crashes into a roadside
a car crashes into a car
a car crashes into a car
a car crashes into a car
a car crashes into a car
car crashes into a truck
car hits a car
a car is in a car
a car crashes into a car
a car crashes into a car
a car is hit by a child
child is into child
car crashes into a car
a truck crashes into a truck
a car crashes into a bus
a car hits a car
a car crashes into a bus
car crashes into motorcycle and into motorcycle
a bus crashes into a bus
a car crashes into a car
a car crashes into a car
a car crashes into a child
a car crashes into a car
two men rob a store
a man steals a gun at the store
a man steals the gun at the store
a robber steals money from the cashier
a robber takes the money at the cashier
a robber points the gun at the shopkeeper
a robber takes money from the cashier
two men rob the store
two men rob the store
two armed men rob the cashier


a robber points the gun at the cashier
two men rob the bank
two men rob the cashier
two men rob a store
a robber points a gun at the shopkeeper
two men take money from the cashier

a robbers takes money from the cashier
two men rob a store
a man steals a person in the store
two men rob a store
two men rob a store
a robber is in the gun at the shopkeeper

a man in a person in the store
two men rob the cashier

two men rob a store
two armed men rob a store
a robber steals the gun
a man steals from the cashier
two men steal robbing a shop
two men rob the bank
a man steals a gun from the cashier
a robber steals from the cashier
two men rob a store
two men rob a store
two men rob a supermarket
two men rob a store
two men are rob a store
a man steals from a store
two armed men rob a bank
a man tries to rob a store
a robber steals money from the cashier
two men rob a supermarket
two robbers rob a store
a robbers is to to to from the shop
a robber steals a gun from the cashier
two men rob a man
two men are robbing a store
a man tries to to rob the shop
two men steal guns rob the bank
a man steals a scooter
a man steals robbing the store
a robber steals guns from the store
a robber steals money from the store
two robbers are rob a shop
two men rob a store
a man are to rob a shop
two men rob a store
two men rob a store
two men rob a store
a man robs a cashier store
a man robs a store
a robber tries to rob the store
man steals a bike
two men rob a bank
a man steals robbing the cashier
two men steal robbing a grocery store
a man steals a grocery
two men rob a store
a man tries to rob a shop
two men steal a a car
two armed men rob a store
a man steals robbing the grocery store
two men rob a store
two men rob a store
a man takes money from the store
two men are to rob a store
a man tries to rob the store
a man is to in the shop
two robbers rob the robber
two robbers steal a bike
two robbers steal a gun
two robbers rob a robber
a robber steals money from the shop
a robber is to robbing the shop
a group of robbers rob the shop
two robbers rob a robbers rob the house
a robber steals money from the shop
a man tries to to rob the room
two robbers rob the cashier
a robber tries to to to to to
a robber takes money from the shop
a robber steals the money from the cashier
a robber steals money from the cashier
two robbers take money from the cashier
a robber takes money from the counter counter
a robber steals from the shop
a robber steals a the counter
a robber steals money from the shop
two men steal money from the shop
a robber steals money from the cashier
two people are to to from the shop
a robber is to to to from the cashier
a robber steals the money from the shop
a robber steals money from the cashier
a robber steals money from the shop
a robber steals money from the shop
two men are rob the shop

a robber is beaten by the shop
a thief steals money from the shop
two people rob a shop
a robber steals the money
a robber steals money from the shop
a robber steals money from the shop
two robbers steal robbing the shop
a robber steals money from the shop
a robber steals money from the shop
two men steal a a bike
two men steal items from a store
a man is to in the shop
two men steal guns from the shop
a robber steals a mobile
two men steal a gun
two men steal a a bike
a man in a man in the store
a man starts shooting shooting

a police gets shot the police
a man in a gun
a man is shooting a store

a man in a store
a man in a atm
a man tries to to to to to to to
two people are to rob the shop
a man tries to in the house
a man starts shooting in the house

a man gets to to in the police

two men in a people in the room
a man in a man in the store
a man starts a fire in the store
a man starts shooting in the store
a man starts shooting in the man in the house




a man starts shooting in the house
two people are run away away
two men rob a store
a man points the gun
two people are stealing from a store
a man steals something from the counter
a woman steals a a shop
a man steals a shop
two people are robbing a store
a man steals something from a store
two men steal items from a store
a man steals something from the store
a man steals a store
a girl steals items from a store
a man steals something from a store
a woman steals a clothing from a store
two women steal items from a store
a group of women steal items from a store
a man steals something from the store
a woman steals a store
a man steals something from the store
a lady steals something from a store
two men steal items from a store
a man steals a store
a lady steals a store
two people are stealing from a store
a lady steals something from a store
a girl steals something from a store
two women steal items from a store
a woman steals items from a store
a man steals something from a store
a group of people are stealing items from a store
a group of people steal items from a store
a group of people are stealing items from a store
a man steals a clothing from a store
two people steal items from a store
a group of people steal a store
a group of people are stealing from a store
a man steals a electronics from the store
a woman steals items from a store
a man steals something from a store
a man steals a store
a man steals a store
a group of women steal items from a store
a woman steals a clothing from a store
a group of people steal items from a store
a group of women steal items from a store
a man steals a bike
two men steal a car
man steals a car
two men steal a bike
man steals a car
two men steal a bike
man steals a bike
two men steal a bike
man steals a bike
man steals a a car
man steals a bike
man steals a scooter
two men steal a bike
man steals a bike
man steals a car
a man steals a house
two men steal a car
man steals a car
man steals a car
two men steal items from a car

two men steal a scooter
two men steal a car
two men steal a jacket
man steals a bike
man steals items from a car
two men attempt to attempt a car
man steals a car
man steals items from a car
two men steal a car
man steals a car
man steals items from a bag
two men steal a bike
man steals a scooter
two men steal a car
two men steal items from a scooter
two men steal a bike
man steals items from a car
two men steal a car
man steals a van

man steals a car
two men steal items from a car
two men steal items from a car
two men steal a car
a man steals from a car
two men steal a car
a lady steals a child
man steals a car
a man steals items from a bag
two men steal a car
a man steals a car
two men are to from a car
man steals items from a car
a man steals items from a white car
a man steals items from a white car
two men steal a car
a man steals a car
two men steal a bike
man steals a car
two men steal items from a car
two men steal a car
two men steal items from a store
a man steals from a car
a man steals items from a car
two men steal a bike
a man steals items from a car
two men steal items from a car
man steals a car
a man steals a bike
a man steals a bike
two men steal a bike
two men steal a car
a man steals items from a white car
a man steals items from a car
a man steals a bike
two men steal a store
a man steals a car
two men steal a bike
two men steal a scooter
a man tries to from a car
a man steals a car
two men steal a bike
a man steals items from a store
two men steal a car
man steals a bike
a man steals a bike
man steals a bike
two men steal a bike
a man steals items from a car
two men steal a bike
man steals from a scooter
two men steal a car
a people are in a hoodies in a car
two people start in fire in the fire
two men steal a bike
a car crashes into the car
two men on a parked car
a man starts a car
a man is to from the car
a man in a store
a group of people in a store
a man steals the the store
two people start a fire on the road
two men trying to in a road
two men try to rob the house
a man is away the the door
a man is in a house
a man crashes in a car
a man is in a house
a people are run away a store
a man runs into a fire
a man starts a house
a man tries in a man in the man
two people people rob the house
man steals a car
a car crashes on the car


a man throws a on the wall
a man crashes into a car
man is to to to to from the wall
two men are rob a house
two people are in a store
a man tries to to from the car
two men steal a fire
two people try to in a house
a a a a a a a a a a car
a man steals items from a store
a man in a man in a store
a people in a people in a room
a group is in a person in a shop
a car is run hit a car
a man is in a house
a man is to rob a store
a man is in a shop
a group of people fight in a store
two men fight in the fight
a man starts in a man in a room

a man gets in a woman
two men are in a store
a man gets in a car
a man steals a gun in the shop
a man attacks a man at the store
a man tries in a house
a man is on a roadside
a man is in a man
a man is run in a woman
a man is in a man on a man
a man is run in a car
two men are in a people in the store
a man is in a man
a man is in a man in a store
a man is run in the car
a man steals a store
a man is run in a man

a man in a man in a man in the room
a man is in a man on the roadside
a man tries in the gun
a man gets beaten beaten with the man beaten
a man is in a man
a man gets in a man on the street
a man steals a a woman
two people are in a fight
a man gets in a fire
a man in a man in a store
a man starts a fire on the street
a man steals the the the shop
a man tries to to to in the street

